<?xml version="1.0" encoding="UTF-8"?>
<!-- Generated by org.testng.reporters.JUnitXMLReporter -->
<testsuite ignored="0" hostname="DESKTOP-QJHCDNC" failures="0" tests="4" name="Automation_Challenge" time="7.952" errors="0" timestamp="2024-03-17T08:43:24 EET">
  <testcase classname="Tests.TestPages" name="User_Can_Search" time="1.171"/>
  <testcase classname="Tests.TestPages" name="user_Can_Scroll_Down_At_Page1" time="0.049"/>
  <testcase classname="Tests.TestPages" name="user_Can_Navigate_To_Page2" time="0.919"/>
  <testcase classname="Tests.TestPages" name="user_Can_Navigate_To_Page3" time="0.655"/>
</testsuite> <!-- Automation_Challenge -->
